<?xml version="1.0" encoding="UTF-8"?>
<!-- Generated by org.testng.reporters.JUnitReportReporter -->
<testsuite hostname="LAPTOP-OT668I4U" failures="0" tests="3" name="fw.loginModule.LoginModuleTestCases" time="29.510" errors="0" timestamp="2021-08-06T17:20:29 IST" skipped="0">
  <testcase classname="fw.loginModule.LoginModuleTestCases" name="loginTC_001" time="17.189"/>
  <system-out/>
  <testcase classname="fw.loginModule.LoginModuleTestCases" name="loginTC_002" time="5.686"/>
  <system-out/>
  <testcase classname="fw.loginModule.LoginModuleTestCases" name="loginTC_003" time="6.635"/>
  <system-out/>
</testsuite> <!-- fw.loginModule.LoginModuleTestCases -->
