<?xml version="1.0" encoding="UTF-8"?>
<!-- Generated by org.testng.reporters.JUnitReportReporter -->
<testsuite hostname="LAPTOP-OT668I4U" failures="0" tests="1" name="p.day1.Dropdowntest" time="0.035" errors="0" timestamp="2021-08-06T03:04:05 IST" skipped="0">
  <testcase classname="p.day1.Dropdowntest" name="dropdown" time="0.035"/>
  <system-out/>
</testsuite> <!-- p.day1.Dropdowntest -->
