<?xml version="1.0" encoding="UTF-8"?>
<!-- Generated by org.testng.reporters.JUnitReportReporter -->
<testsuite hostname="LAPTOP-OT668I4U" failures="0" tests="1" name="p.day1.Mouseovertest" time="13.633" errors="0" timestamp="2021-08-06T00:54:36 IST" skipped="0">
  <testcase classname="p.day1.Mouseovertest" name="test" time="13.633"/>
  <system-out/>
</testsuite> <!-- p.day1.Mouseovertest -->
