<?xml version="1.0" encoding="UTF-8"?>
<!-- Generated by org.testng.reporters.JUnitReportReporter -->
<testsuite hostname="LAPTOP-OT668I4U" failures="0" tests="2" name="fw.loginModule.LoginModuleTestCases" time="25.902" errors="0" timestamp="2021-08-06T16:42:21 IST" skipped="0">
  <testcase classname="fw.loginModule.LoginModuleTestCases" name="loginTC_001" time="20.023"/>
  <system-out/>
  <testcase classname="fw.loginModule.LoginModuleTestCases" name="loginTC_002" time="5.879"/>
  <system-out/>
</testsuite> <!-- fw.loginModule.LoginModuleTestCases -->
