<?xml version="1.0" encoding="UTF-8"?>
<!-- Generated by org.testng.reporters.JUnitReportReporter -->
<testsuite hostname="LAPTOP-OT668I4U" failures="0" tests="3" name="fw.loginModule.LoginModuleTestCases" time="23.150" errors="0" timestamp="2021-08-06T18:28:30 IST" skipped="0">
  <testcase classname="fw.loginModule.LoginModuleTestCases" name="loginTC_001" time="13.406"/>
  <system-out/>
  <testcase classname="fw.loginModule.LoginModuleTestCases" name="loginTC_002" time="4.261"/>
  <system-out/>
  <testcase classname="fw.loginModule.LoginModuleTestCases" name="loginTC_003" time="5.483"/>
  <system-out/>
</testsuite> <!-- fw.loginModule.LoginModuleTestCases -->
